<?xml version="1.0" encoding="UTF-8"?>
<!-- Generated by org.testng.reporters.JUnitXMLReporter -->
<testsuite ignored="0" hostname="DESKTOP-AO9PN1L" failures="0" tests="4" name="Test" time="0.069" errors="0" timestamp="2024-11-11T11:21:12 IST">
  <testcase classname="pac1.Check1_Test" name="contactcheck2_Test" time="0.008"/>
  <testcase classname="pac1.Check1_Test" name="contactcheck_Test" time="0.0"/>
  <testcase classname="pac2.Check2_Test" name="orgcheck1_Test" time="0.001"/>
  <testcase classname="pac2.Check2_Test" name="orgcheck2_Test" time="0.001"/>
</testsuite> <!-- Test -->
