<?xml version="1.0" encoding="UTF-8"?>
<testng-results ignored="0" total="4" passed="4" failed="0" skipped="0">
  <reporter-output>
  </reporter-output>
  <suite started-at="2024-11-11T11:21:12 IST" name="Suite" finished-at="2024-11-11T11:21:12 IST" duration-ms="69">
    <groups>
    </groups>
    <test started-at="2024-11-11T11:21:12 IST" name="Test" finished-at="2024-11-11T11:21:12 IST" duration-ms="69">
      <class name="pac1.Check1_Test">
        <test-method signature="contactcheck2_Test()[pri:0, instance:pac1.Check1_Test@1ea9f6af]" started-at="2024-11-11T11:21:12 IST" name="contactcheck2_Test" finished-at="2024-11-11T11:21:12 IST" duration-ms="8" status="PASS">
          <reporter-output>
          </reporter-output>
        </test-method> <!-- contactcheck2_Test -->
        <test-method signature="contactcheck_Test()[pri:0, instance:pac1.Check1_Test@1ea9f6af]" started-at="2024-11-11T11:21:12 IST" name="contactcheck_Test" finished-at="2024-11-11T11:21:12 IST" duration-ms="0" status="PASS">
          <reporter-output>
          </reporter-output>
        </test-method> <!-- contactcheck_Test -->
      </class> <!-- pac1.Check1_Test -->
      <class name="pac2.Check2_Test">
        <test-method signature="orgcheck1_Test()[pri:0, instance:pac2.Check2_Test@6eda5c9]" started-at="2024-11-11T11:21:12 IST" name="orgcheck1_Test" finished-at="2024-11-11T11:21:12 IST" duration-ms="1" status="PASS">
          <reporter-output>
          </reporter-output>
        </test-method> <!-- orgcheck1_Test -->
        <test-method signature="orgcheck2_Test()[pri:0, instance:pac2.Check2_Test@6eda5c9]" started-at="2024-11-11T11:21:12 IST" name="orgcheck2_Test" finished-at="2024-11-11T11:21:12 IST" duration-ms="1" status="PASS">
          <reporter-output>
          </reporter-output>
        </test-method> <!-- orgcheck2_Test -->
      </class> <!-- pac2.Check2_Test -->
    </test> <!-- Test -->
  </suite> <!-- Suite -->
</testng-results>
